org.gradle.process.internal.ExecException: A problem occurred starting process 'command 'C:\Users\ksh\AppData\Local\Android\Sdk\cmake\3.22.1\bin\ninja.exe''
org.gradle.process.internal.ExecException: A problem occurred starting process 'command 'C:\Users\ksh\AppData\Local\Android\Sdk\cmake\3.22.1\bin\ninja.exe''
	at org.gradle.process.internal.DefaultExecHandle.execExceptionFor(DefaultExecHandle.java:241)
	at org.gradle.process.internal.DefaultExecHandle.setEndStateInfo(DefaultExecHandle.java:218)
	at org.gradle.process.internal.DefaultExecHandle.failed(DefaultExecHandle.java:386)
	at org.gradle.process.internal.ExecHandleRunner.lambda$run$3(ExecHandleRunner.java:102)
	at org.gradle.internal.operations.CurrentBuildOperationRef.with(CurrentBuildOperationRef.java:80)
	at org.gradle.process.internal.ExecHandleRunner.run(ExecHandleRunner.java:101)
	at org.gradle.internal.concurrent.ExecutorPolicy$CatchAndRecordFailures.onExecute(ExecutorPolicy.java:64)
	at org.gradle.internal.concurrent.AbstractManagedExecutor$1.run(AbstractManagedExecutor.java:47)
	at java.base/java.util.concurrent.ThreadPoolExecutor.runWorker(ThreadPoolExecutor.java:1136)
	at java.base/java.util.concurrent.ThreadPoolExecutor$Worker.run(ThreadPoolExecutor.java:635)
	at java.base/java.lang.Thread.run(Thread.java:840)
Caused by: net.rubygrapefruit.platform.NativeException: Could not start 'C:\Users\ksh\AppData\Local\Android\Sdk\cmake\3.22.1\bin\ninja.exe'
	at net.rubygrapefruit.platform.internal.DefaultProcessLauncher.start(DefaultProcessLauncher.java:27)
	at net.rubygrapefruit.platform.internal.WindowsProcessLauncher.start(WindowsProcessLauncher.java:22)
	at net.rubygrapefruit.platform.internal.WrapperProcessLauncher.start(WrapperProcessLauncher.java:36)
	at org.gradle.process.internal.ExecHandleRunner.startProcess(ExecHandleRunner.java:122)
	at org.gradle.process.internal.ExecHandleRunner.lambda$run$0(ExecHandleRunner.java:80)
	at org.gradle.internal.operations.CurrentBuildOperationRef.with(CurrentBuildOperationRef.java:80)
	at org.gradle.process.internal.ExecHandleRunner.run(ExecHandleRunner.java:79)
	... 5 more
Caused by: java.io.IOException: Cannot run program "C:\Users\ksh\AppData\Local\Android\Sdk\cmake\3.22.1\bin\ninja.exe" (in directory "C:\Users\junhu\AndroidStudioProjects\IDC_openCV_0601\opencv"): CreateProcess error=2, 지정된 파일을 찾을 수 없습니다
	at java.base/java.lang.ProcessBuilder.start(ProcessBuilder.java:1143)
	at java.base/java.lang.ProcessBuilder.start(ProcessBuilder.java:1073)
	at net.rubygrapefruit.platform.internal.DefaultProcessLauncher.start(DefaultProcessLauncher.java:25)
	... 11 more
Caused by: java.io.IOException: CreateProcess error=2, 지정된 파일을 찾을 수 없습니다
	at java.base/java.lang.ProcessImpl.create(Native Method)
	at java.base/java.lang.ProcessImpl.<init>(ProcessImpl.java:499)
	at java.base/java.lang.ProcessImpl.start(ProcessImpl.java:158)
	at java.base/java.lang.ProcessBuilder.start(ProcessBuilder.java:1110)
	... 13 more
